OpenROAD 4a99e88667b0840531ca0096c4fa0da8f80d6cb1 
This program is licensed under the BSD-3 license. See the LICENSE file for details.
Components of this program may be licensed under more restrictive licenses which must be honored.
[WARNING STA-0163] /openlane/designs/iiitb_icg/src/sky130_fd_sc_hd__typical.lib line 23, default_fanout_load is 0.0.
[INFO ODB-0222] Reading LEF file: /openlane/designs/iiitb_icg/runs/RUN_2022.08.29_09.16.35/tmp/merged.nom.lef
[WARNING ODB-0220] WARNING (LEFPARS-2036): SOURCE statement is obsolete in version 5.6 and later.
The LEF parser will ignore this statement.
To avoid this warning in the future, remove this statement from the LEF file with version 5.6 or later. See file /openlane/designs/iiitb_icg/runs/RUN_2022.08.29_09.16.35/tmp/merged.nom.lef at line 930.

[INFO ODB-0223]     Created 13 technology layers
[INFO ODB-0224]     Created 25 technology vias
[INFO ODB-0225]     Created 442 library cells
[INFO ODB-0226] Finished LEF file:  /openlane/designs/iiitb_icg/runs/RUN_2022.08.29_09.16.35/tmp/merged.nom.lef
if {[info exists ::env(CLOCK_PORT)] && $::env(CLOCK_PORT) != ""} {
    create_clock [get_ports $::env(CLOCK_PORT)]  -name $::env(CLOCK_PORT)  -period $::env(CLOCK_PERIOD)
} else {
    create_clock -name __VIRTUAL_CLK__ -period $::env(CLOCK_PERIOD)
    set ::env(CLOCK_PORT) __VIRTUAL_CLK__
}
set input_delay_value [expr $::env(CLOCK_PERIOD) * $::env(IO_PCT)]
set output_delay_value [expr $::env(CLOCK_PERIOD) * $::env(IO_PCT)]
puts "\[INFO\]: Setting output delay to: $output_delay_value"
[INFO]: Setting output delay to: 2.0
puts "\[INFO\]: Setting input delay to: $input_delay_value"
[INFO]: Setting input delay to: 2.0
set_max_fanout $::env(SYNTH_MAX_FANOUT) [current_design]
set clk_input [get_port $::env(CLOCK_PORT)]
set clk_indx [lsearch [all_inputs] $clk_input]
set all_inputs_wo_clk [lreplace [all_inputs] $clk_indx $clk_indx ""]
#set rst_input [get_port resetn]
#set rst_indx [lsearch [all_inputs] $rst_input]
#set all_inputs_wo_clk_rst [lreplace $all_inputs_wo_clk $rst_indx $rst_indx ""]
set all_inputs_wo_clk_rst $all_inputs_wo_clk
# correct resetn
set_input_delay $input_delay_value  -clock [get_clocks $::env(CLOCK_PORT)] $all_inputs_wo_clk_rst
#set_input_delay 0.0 -clock [get_clocks $::env(CLOCK_PORT)] {resetn}
set_output_delay $output_delay_value  -clock [get_clocks $::env(CLOCK_PORT)] [all_outputs]
if { ![info exists ::env(SYNTH_CLK_DRIVING_CELL)] } {
    set ::env(SYNTH_CLK_DRIVING_CELL) $::env(SYNTH_DRIVING_CELL)
}
if { ![info exists ::env(SYNTH_CLK_DRIVING_CELL_PIN)] } {
    set ::env(SYNTH_CLK_DRIVING_CELL_PIN) $::env(SYNTH_DRIVING_CELL_PIN)
}
set_driving_cell -lib_cell $::env(SYNTH_DRIVING_CELL) -pin $::env(SYNTH_DRIVING_CELL_PIN) $all_inputs_wo_clk_rst
set_driving_cell -lib_cell $::env(SYNTH_CLK_DRIVING_CELL) -pin $::env(SYNTH_CLK_DRIVING_CELL_PIN) $clk_input
set cap_load [expr $::env(SYNTH_CAP_LOAD) / 1000.0]
puts "\[INFO\]: Setting load to: $cap_load"
[INFO]: Setting load to: 0.033442
set_load  $cap_load [all_outputs]
puts "\[INFO\]: Setting clock uncertainity to: $::env(SYNTH_CLOCK_UNCERTAINITY)"
[INFO]: Setting clock uncertainity to: 0.25
set_clock_uncertainty $::env(SYNTH_CLOCK_UNCERTAINITY) [get_clocks $::env(CLOCK_PORT)]
puts "\[INFO\]: Setting clock transition to: $::env(SYNTH_CLOCK_TRANSITION)"
[INFO]: Setting clock transition to: 0.15
set_clock_transition $::env(SYNTH_CLOCK_TRANSITION) [get_clocks $::env(CLOCK_PORT)]
puts "\[INFO\]: Setting timing derate to: [expr {$::env(SYNTH_TIMING_DERATE) * 10}] %"
[INFO]: Setting timing derate to: 0.5 %
set_timing_derate -early [expr {1-$::env(SYNTH_TIMING_DERATE)}]
set_timing_derate -late [expr {1+$::env(SYNTH_TIMING_DERATE)}]
min_report

===========================================================================
report_checks -path_delay min (Hold)
============================================================================
Startpoint: _9_ (rising edge-triggered flip-flop clocked by clk')
Endpoint: _2_ (rising clock gating-check end-point clocked by clk)
Path Group: **clock_gating_default**
Path Type: min

Fanout     Cap    Slew   Delay    Time   Description
-----------------------------------------------------------------------------
                  0.15    5.00    5.00   clock clk' (rise edge)
                          0.00    5.00   clock network delay (ideal)
                  0.15    0.00    5.00 ^ _9_/CLK (sky130_fd_sc_hd__dfxtp_2)
                  0.02    0.32    5.32 v _9_/Q (sky130_fd_sc_hd__dfxtp_2)
     1    0.00                           dff2.q (net)
                  0.02    0.00    5.32 v _2_/A (sky130_fd_sc_hd__and2_2)
                                  5.32   data arrival time

                  0.15    5.00    5.00   clock clk (fall edge)
                          0.00    5.00   clock network delay (ideal)
                          0.25    5.25   clock uncertainty
                          0.00    5.25   clock reconvergence pessimism
                                  5.25 v _2_/B (sky130_fd_sc_hd__and2_2)
                          0.00    5.25   clock gating hold time
                                  5.25   data required time
-----------------------------------------------------------------------------
                                  5.25   data required time
                                 -5.32   data arrival time
-----------------------------------------------------------------------------
                                  0.07   slack (MET)


Startpoint: d1 (input port clocked by clk)
Endpoint: _6_ (rising edge-triggered flip-flop clocked by clk)
Path Group: clk
Path Type: min

Fanout     Cap    Slew   Delay    Time   Description
-----------------------------------------------------------------------------
                  0.15    0.00    0.00   clock clk (rise edge)
                          0.00    0.00   clock network delay (ideal)
                          2.00    2.00 v input external delay
                  0.01    0.01    2.01 v d1 (in)
     1    0.00                           d1 (net)
                  0.01    0.00    2.01 v _6_/D (sky130_fd_sc_hd__dfxtp_2)
                                  2.01   data arrival time

                  0.15    0.00    0.00   clock clk (rise edge)
                          0.00    0.00   clock network delay (ideal)
                          0.25    0.25   clock uncertainty
                          0.00    0.25   clock reconvergence pessimism
                                  0.25 ^ _6_/CLK (sky130_fd_sc_hd__dfxtp_2)
                         -0.01    0.24   library hold time
                                  0.24   data required time
-----------------------------------------------------------------------------
                                  0.24   data required time
                                 -2.01   data arrival time
-----------------------------------------------------------------------------
                                  1.77   slack (MET)


Startpoint: d0 (input port clocked by clk)
Endpoint: _7_ (rising edge-triggered flip-flop clocked by clk)
Path Group: clk
Path Type: min

Fanout     Cap    Slew   Delay    Time   Description
-----------------------------------------------------------------------------
                  0.15    0.00    0.00   clock clk (rise edge)
                          0.00    0.00   clock network delay (ideal)
                          2.00    2.00 v input external delay
                  0.01    0.01    2.01 v d0 (in)
     1    0.00                           d0 (net)
                  0.01    0.00    2.01 v _7_/D (sky130_fd_sc_hd__dfxtp_2)
                                  2.01   data arrival time

                  0.15    0.00    0.00   clock clk (rise edge)
                          0.00    0.00   clock network delay (ideal)
                          0.25    0.25   clock uncertainty
                          0.00    0.25   clock reconvergence pessimism
                                  0.25 ^ _7_/CLK (sky130_fd_sc_hd__dfxtp_2)
                         -0.01    0.24   library hold time
                                  0.24   data required time
-----------------------------------------------------------------------------
                                  0.24   data required time
                                 -2.01   data arrival time
-----------------------------------------------------------------------------
                                  1.77   slack (MET)


Startpoint: in (input port clocked by clk)
Endpoint: _8_ (rising edge-triggered flip-flop clocked by clk)
Path Group: clk
Path Type: min

Fanout     Cap    Slew   Delay    Time   Description
-----------------------------------------------------------------------------
                  0.15    0.00    0.00   clock clk (rise edge)
                          0.00    0.00   clock network delay (ideal)
                          2.00    2.00 v input external delay
                  0.01    0.01    2.01 v in (in)
     1    0.00                           in (net)
                  0.01    0.00    2.01 v _8_/D (sky130_fd_sc_hd__dfxtp_2)
                                  2.01   data arrival time

                  0.15    0.00    0.00   clock clk (rise edge)
                          0.00    0.00   clock network delay (ideal)
                          0.25    0.25   clock uncertainty
                          0.00    0.25   clock reconvergence pessimism
                                  0.25 ^ _8_/CLK (sky130_fd_sc_hd__dfxtp_2)
                         -0.01    0.24   library hold time
                                  0.24   data required time
-----------------------------------------------------------------------------
                                  0.24   data required time
                                 -2.01   data arrival time
-----------------------------------------------------------------------------
                                  1.77   slack (MET)


Startpoint: _7_ (rising edge-triggered flip-flop clocked by clk)
Endpoint: q0 (output port clocked by clk)
Path Group: clk
Path Type: min

Fanout     Cap    Slew   Delay    Time   Description
-----------------------------------------------------------------------------
                  0.15    0.00    0.00   clock clk (rise edge)
                          0.00    0.00   clock network delay (ideal)
                  0.15    0.00    0.00 ^ _7_/CLK (sky130_fd_sc_hd__dfxtp_2)
                  0.09    0.38    0.38 v _7_/Q (sky130_fd_sc_hd__dfxtp_2)
     1    0.03                           q0 (net)
                  0.09    0.00    0.38 v q0 (out)
                                  0.38   data arrival time

                  0.15    0.00    0.00   clock clk (rise edge)
                          0.00    0.00   clock network delay (ideal)
                          0.25    0.25   clock uncertainty
                          0.00    0.25   clock reconvergence pessimism
                         -2.00   -1.75   output external delay
                                 -1.75   data required time
-----------------------------------------------------------------------------
                                 -1.75   data required time
                                 -0.38   data arrival time
-----------------------------------------------------------------------------
                                  2.13   slack (MET)


Startpoint: _6_ (rising edge-triggered flip-flop clocked by clk)
Endpoint: q1 (output port clocked by clk)
Path Group: clk
Path Type: min

Fanout     Cap    Slew   Delay    Time   Description
-----------------------------------------------------------------------------
                  0.15    0.00    0.00   clock clk (rise edge)
                          0.00    0.00   clock network delay (ideal)
                  0.15    0.00    0.00 ^ _6_/CLK (sky130_fd_sc_hd__dfxtp_2)
                  0.09    0.38    0.38 v _6_/Q (sky130_fd_sc_hd__dfxtp_2)
     1    0.03                           q1 (net)
                  0.09    0.00    0.38 v q1 (out)
                                  0.38   data arrival time

                  0.15    0.00    0.00   clock clk (rise edge)
                          0.00    0.00   clock network delay (ideal)
                          0.25    0.25   clock uncertainty
                          0.00    0.25   clock reconvergence pessimism
                         -2.00   -1.75   output external delay
                                 -1.75   data required time
-----------------------------------------------------------------------------
                                 -1.75   data required time
                                 -0.38   data arrival time
-----------------------------------------------------------------------------
                                  2.13   slack (MET)


min_report_end
max_report

===========================================================================
report_checks -path_delay max (Setup)
============================================================================
Startpoint: _9_ (rising edge-triggered flip-flop clocked by clk')
Endpoint: _2_ (rising clock gating-check end-point clocked by clk)
Path Group: **clock_gating_default**
Path Type: max

Fanout     Cap    Slew   Delay    Time   Description
-----------------------------------------------------------------------------
                  0.15    5.00    5.00   clock clk' (rise edge)
                          0.00    5.00   clock network delay (ideal)
                  0.15    0.00    5.00 ^ _9_/CLK (sky130_fd_sc_hd__dfxtp_2)
                  0.03    0.35    5.35 ^ _9_/Q (sky130_fd_sc_hd__dfxtp_2)
     1    0.00                           dff2.q (net)
                  0.03    0.00    5.35 ^ _2_/A (sky130_fd_sc_hd__and2_2)
                                  5.35   data arrival time

                  0.15   10.00   10.00   clock clk (rise edge)
                          0.00   10.00   clock network delay (ideal)
                         -0.25    9.75   clock uncertainty
                          0.00    9.75   clock reconvergence pessimism
                                  9.75 ^ _2_/B (sky130_fd_sc_hd__and2_2)
                          0.00    9.75   clock gating setup time
                                  9.75   data required time
-----------------------------------------------------------------------------
                                  9.75   data required time
                                 -5.35   data arrival time
-----------------------------------------------------------------------------
                                  4.40   slack (MET)


Startpoint: _8_ (rising edge-triggered flip-flop clocked by clk)
Endpoint: _9_ (rising edge-triggered flip-flop clocked by clk')
Path Group: clk
Path Type: max

Fanout     Cap    Slew   Delay    Time   Description
-----------------------------------------------------------------------------
                  0.15    0.00    0.00   clock clk (rise edge)
                          0.00    0.00   clock network delay (ideal)
                  0.15    0.00    0.00 ^ _8_/CLK (sky130_fd_sc_hd__dfxtp_2)
                  0.03    0.36    0.36 ^ _8_/Q (sky130_fd_sc_hd__dfxtp_2)
     1    0.00                           dff1.q (net)
                  0.03    0.00    0.36 ^ _4_/A (sky130_vsdinv)
                  0.01    0.03    0.38 v _4_/Y (sky130_vsdinv)
     1    0.00                           dff2.d (net)
                  0.01    0.00    0.38 v _9_/D (sky130_fd_sc_hd__dfxtp_2)
                                  0.38   data arrival time

                  0.15    5.00    5.00   clock clk' (rise edge)
                          0.00    5.00   clock network delay (ideal)
                         -0.25    4.75   clock uncertainty
                          0.00    4.75   clock reconvergence pessimism
                                  4.75 ^ _9_/CLK (sky130_fd_sc_hd__dfxtp_2)
                         -0.08    4.67   library setup time
                                  4.67   data required time
-----------------------------------------------------------------------------
                                  4.67   data required time
                                 -0.38   data arrival time
-----------------------------------------------------------------------------
                                  4.29   slack (MET)


Startpoint: _7_ (rising edge-triggered flip-flop clocked by clk)
Endpoint: q0 (output port clocked by clk)
Path Group: clk
Path Type: max

Fanout     Cap    Slew   Delay    Time   Description
-----------------------------------------------------------------------------
                  0.15    0.00    0.00   clock clk (rise edge)
                          0.00    0.00   clock network delay (ideal)
                  0.15    0.00    0.00 ^ _7_/CLK (sky130_fd_sc_hd__dfxtp_2)
                  0.18    0.47    0.47 ^ _7_/Q (sky130_fd_sc_hd__dfxtp_2)
     1    0.03                           q0 (net)
                  0.18    0.00    0.47 ^ q0 (out)
                                  0.47   data arrival time

                  0.15   10.00   10.00   clock clk (rise edge)
                          0.00   10.00   clock network delay (ideal)
                         -0.25    9.75   clock uncertainty
                          0.00    9.75   clock reconvergence pessimism
                         -2.00    7.75   output external delay
                                  7.75   data required time
-----------------------------------------------------------------------------
                                  7.75   data required time
                                 -0.47   data arrival time
-----------------------------------------------------------------------------
                                  7.28   slack (MET)


Startpoint: _6_ (rising edge-triggered flip-flop clocked by clk)
Endpoint: q1 (output port clocked by clk)
Path Group: clk
Path Type: max

Fanout     Cap    Slew   Delay    Time   Description
-----------------------------------------------------------------------------
                  0.15    0.00    0.00   clock clk (rise edge)
                          0.00    0.00   clock network delay (ideal)
                  0.15    0.00    0.00 ^ _6_/CLK (sky130_fd_sc_hd__dfxtp_2)
                  0.18    0.47    0.47 ^ _6_/Q (sky130_fd_sc_hd__dfxtp_2)
     1    0.03                           q1 (net)
                  0.18    0.00    0.47 ^ q1 (out)
                                  0.47   data arrival time

                  0.15   10.00   10.00   clock clk (rise edge)
                          0.00   10.00   clock network delay (ideal)
                         -0.25    9.75   clock uncertainty
                          0.00    9.75   clock reconvergence pessimism
                         -2.00    7.75   output external delay
                                  7.75   data required time
-----------------------------------------------------------------------------
                                  7.75   data required time
                                 -0.47   data arrival time
-----------------------------------------------------------------------------
                                  7.28   slack (MET)


Startpoint: d1 (input port clocked by clk)
Endpoint: _6_ (rising edge-triggered flip-flop clocked by clk)
Path Group: clk
Path Type: max

Fanout     Cap    Slew   Delay    Time   Description
-----------------------------------------------------------------------------
                  0.15    0.00    0.00   clock clk (rise edge)
                          0.00    0.00   clock network delay (ideal)
                          2.00    2.00 v input external delay
                  0.01    0.01    2.01 v d1 (in)
     1    0.00                           d1 (net)
                  0.01    0.00    2.01 v _6_/D (sky130_fd_sc_hd__dfxtp_2)
                                  2.01   data arrival time

                  0.15   10.00   10.00   clock clk (rise edge)
                          0.00   10.00   clock network delay (ideal)
                         -0.25    9.75   clock uncertainty
                          0.00    9.75   clock reconvergence pessimism
                                  9.75 ^ _6_/CLK (sky130_fd_sc_hd__dfxtp_2)
                         -0.07    9.68   library setup time
                                  9.68   data required time
-----------------------------------------------------------------------------
                                  9.68   data required time
                                 -2.01   data arrival time
-----------------------------------------------------------------------------
                                  7.67   slack (MET)


Startpoint: d0 (input port clocked by clk)
Endpoint: _7_ (rising edge-triggered flip-flop clocked by clk)
Path Group: clk
Path Type: max

Fanout     Cap    Slew   Delay    Time   Description
-----------------------------------------------------------------------------
                  0.15    0.00    0.00   clock clk (rise edge)
                          0.00    0.00   clock network delay (ideal)
                          2.00    2.00 v input external delay
                  0.01    0.01    2.01 v d0 (in)
     1    0.00                           d0 (net)
                  0.01    0.00    2.01 v _7_/D (sky130_fd_sc_hd__dfxtp_2)
                                  2.01   data arrival time

                  0.15   10.00   10.00   clock clk (rise edge)
                          0.00   10.00   clock network delay (ideal)
                         -0.25    9.75   clock uncertainty
                          0.00    9.75   clock reconvergence pessimism
                                  9.75 ^ _7_/CLK (sky130_fd_sc_hd__dfxtp_2)
                         -0.07    9.68   library setup time
                                  9.68   data required time
-----------------------------------------------------------------------------
                                  9.68   data required time
                                 -2.01   data arrival time
-----------------------------------------------------------------------------
                                  7.67   slack (MET)


max_report_end
check_report

===========================================================================
report_checks -unconstrained
============================================================================
Startpoint: _9_ (rising edge-triggered flip-flop clocked by clk')
Endpoint: _2_ (rising clock gating-check end-point clocked by clk)
Path Group: **clock_gating_default**
Path Type: max

Fanout     Cap    Slew   Delay    Time   Description
-----------------------------------------------------------------------------
                  0.15    5.00    5.00   clock clk' (rise edge)
                          0.00    5.00   clock network delay (ideal)
                  0.15    0.00    5.00 ^ _9_/CLK (sky130_fd_sc_hd__dfxtp_2)
                  0.03    0.35    5.35 ^ _9_/Q (sky130_fd_sc_hd__dfxtp_2)
     1    0.00                           dff2.q (net)
                  0.03    0.00    5.35 ^ _2_/A (sky130_fd_sc_hd__and2_2)
                                  5.35   data arrival time

                  0.15   10.00   10.00   clock clk (rise edge)
                          0.00   10.00   clock network delay (ideal)
                         -0.25    9.75   clock uncertainty
                          0.00    9.75   clock reconvergence pessimism
                                  9.75 ^ _2_/B (sky130_fd_sc_hd__and2_2)
                          0.00    9.75   clock gating setup time
                                  9.75   data required time
-----------------------------------------------------------------------------
                                  9.75   data required time
                                 -5.35   data arrival time
-----------------------------------------------------------------------------
                                  4.40   slack (MET)


Startpoint: _8_ (rising edge-triggered flip-flop clocked by clk)
Endpoint: _9_ (rising edge-triggered flip-flop clocked by clk')
Path Group: clk
Path Type: max

Fanout     Cap    Slew   Delay    Time   Description
-----------------------------------------------------------------------------
                  0.15    0.00    0.00   clock clk (rise edge)
                          0.00    0.00   clock network delay (ideal)
                  0.15    0.00    0.00 ^ _8_/CLK (sky130_fd_sc_hd__dfxtp_2)
                  0.03    0.36    0.36 ^ _8_/Q (sky130_fd_sc_hd__dfxtp_2)
     1    0.00                           dff1.q (net)
                  0.03    0.00    0.36 ^ _4_/A (sky130_vsdinv)
                  0.01    0.03    0.38 v _4_/Y (sky130_vsdinv)
     1    0.00                           dff2.d (net)
                  0.01    0.00    0.38 v _9_/D (sky130_fd_sc_hd__dfxtp_2)
                                  0.38   data arrival time

                  0.15    5.00    5.00   clock clk' (rise edge)
                          0.00    5.00   clock network delay (ideal)
                         -0.25    4.75   clock uncertainty
                          0.00    4.75   clock reconvergence pessimism
                                  4.75 ^ _9_/CLK (sky130_fd_sc_hd__dfxtp_2)
                         -0.08    4.67   library setup time
                                  4.67   data required time
-----------------------------------------------------------------------------
                                  4.67   data required time
                                 -0.38   data arrival time
-----------------------------------------------------------------------------
                                  4.29   slack (MET)



===========================================================================
report_checks --slack_max -0.01
============================================================================
No paths found.
check_report_end
check_slew

===========================================================================
 report_check_types -max_slew -max_cap -max_fanout -violators
============================================================================

===========================================================================
max slew violation count 0
max fanout violation count 0
max cap violation count 0
============================================================================
check_slew_end
tns_report

===========================================================================
 report_tns
============================================================================
tns 0.00
tns_report_end
wns_report

===========================================================================
 report_wns
============================================================================
wns 0.00
wns_report_end
worst_slack

===========================================================================
 report_worst_slack -max (Setup)
============================================================================
worst slack 4.29

===========================================================================
 report_worst_slack -min (Hold)
============================================================================
worst slack 0.07
worst_slack_end
clock_skew

===========================================================================
 report_clock_skew
============================================================================
Clock clk
Latency      CRPR       Skew
_8_/CLK ^
   0.04
_9_/CLK ^
   0.05      0.00      -0.02

clock_skew_end
power_report

===========================================================================
 report_power
============================================================================
Group                  Internal  Switching    Leakage      Total
                          Power      Power      Power      Power (Watts)
----------------------------------------------------------------
Sequential             1.70e-05   1.15e-06   3.38e-11   1.81e-05  70.8%
Combinational          4.93e-06   2.56e-06   1.52e-11   7.50e-06  29.2%
Macro                  0.00e+00   0.00e+00   0.00e+00   0.00e+00   0.0%
Pad                    0.00e+00   0.00e+00   0.00e+00   0.00e+00   0.0%
----------------------------------------------------------------
Total                  2.19e-05   3.71e-06   4.90e-11   2.56e-05 100.0%
                          85.5%      14.5%       0.0%
power_report_end
area_report

===========================================================================
 report_design_area
============================================================================
Design area 104 u^2 100% utilization.
area_report_end
